<?xml version="1.0" encoding="UTF-8"?>
<testsuite name="When using the REST API to trigger ingestions" tests="3" skipped="0" failures="0" errors="0" timestamp="2022-09-12T17:39:27" hostname="Marcos-MBP.yallo.box" time="0.118">
  <properties/>
  <testcase name="Then ingestions can be triggered" classname="com.marcolotz.db2parquet.web.TriggerControllerTest" time="0.087"/>
  <testcase name="Then ingestions cannot be triggered when an ingestion is running" classname="com.marcolotz.db2parquet.web.TriggerControllerTest" time="0.01"/>
  <testcase name="Then exceptions in the ingestions are not returned to the client" classname="com.marcolotz.db2parquet.web.TriggerControllerTest" time="0.012"/>
  <system-out><![CDATA[2022-09-12 19:39:26.776  INFO 14700 --- [    Test worker] .b.t.a.w.s.WebMvcTestContextBootstrapper : Neither @ContextConfiguration nor @ContextHierarchy found for test class [com.marcolotz.db2parquet.web.TriggerControllerTest], using SpringBootContextLoader
2022-09-12 19:39:26.779  INFO 14700 --- [    Test worker] o.s.t.c.s.AbstractContextLoader          : Could not detect default resource locations for test class [com.marcolotz.db2parquet.web.TriggerControllerTest]: no resource found for suffixes {-context.xml, Context.groovy}.
2022-09-12 19:39:26.779  INFO 14700 --- [    Test worker] t.c.s.AnnotationConfigContextLoaderUtils : Could not detect default configuration classes for test class [com.marcolotz.db2parquet.web.TriggerControllerTest]: TriggerControllerTest does not declare any static, non-private, non-final, nested classes annotated with @Configuration.
2022-09-12 19:39:26.876  INFO 14700 --- [    Test worker] .b.t.c.SpringBootTestContextBootstrapper : Found @SpringBootConfiguration com.marcolotz.db2parquet.Db2parquetApplication for test class com.marcolotz.db2parquet.web.TriggerControllerTest
2022-09-12 19:39:26.881  INFO 14700 --- [    Test worker] .b.t.a.w.s.WebMvcTestContextBootstrapper : Loaded default TestExecutionListener class names from location [META-INF/spring.factories]: [org.springframework.boot.test.autoconfigure.restdocs.RestDocsTestExecutionListener, org.springframework.boot.test.autoconfigure.web.client.MockRestServiceServerResetTestExecutionListener, org.springframework.boot.test.autoconfigure.web.servlet.MockMvcPrintOnlyOnFailureTestExecutionListener, org.springframework.boot.test.autoconfigure.web.servlet.WebDriverTestExecutionListener, org.springframework.boot.test.autoconfigure.webservices.client.MockWebServiceServerTestExecutionListener, org.springframework.boot.test.mock.mockito.MockitoTestExecutionListener, org.springframework.boot.test.mock.mockito.ResetMocksTestExecutionListener, org.springframework.test.context.web.ServletTestExecutionListener, org.springframework.test.context.support.DirtiesContextBeforeModesTestExecutionListener, org.springframework.test.context.event.ApplicationEventsTestExecutionListener, org.springframework.test.context.support.DependencyInjectionTestExecutionListener, org.springframework.test.context.support.DirtiesContextTestExecutionListener, org.springframework.test.context.transaction.TransactionalTestExecutionListener, org.springframework.test.context.jdbc.SqlScriptsTestExecutionListener, org.springframework.test.context.event.EventPublishingTestExecutionListener]
2022-09-12 19:39:26.882  INFO 14700 --- [    Test worker] .b.t.a.w.s.WebMvcTestContextBootstrapper : Using TestExecutionListeners: [org.springframework.test.context.web.ServletTestExecutionListener@1bad5ab3, org.springframework.test.context.support.DirtiesContextBeforeModesTestExecutionListener@688e6d4e, org.springframework.test.context.event.ApplicationEventsTestExecutionListener@63513c1c, org.springframework.boot.test.mock.mockito.MockitoTestExecutionListener@5b256ab5, org.springframework.boot.test.autoconfigure.SpringBootDependencyInjectionTestExecutionListener@2a2cdba0, org.springframework.test.context.support.DirtiesContextTestExecutionListener@31d327b6, org.springframework.test.context.transaction.TransactionalTestExecutionListener@5b084c4c, org.springframework.test.context.jdbc.SqlScriptsTestExecutionListener@2b08f55a, org.springframework.test.context.event.EventPublishingTestExecutionListener@67b5da40, org.springframework.boot.test.autoconfigure.restdocs.RestDocsTestExecutionListener@4ff3af97, org.springframework.boot.test.autoconfigure.web.client.MockRestServiceServerResetTestExecutionListener@5680f009, org.springframework.boot.test.autoconfigure.web.servlet.MockMvcPrintOnlyOnFailureTestExecutionListener@3a4e6da6, org.springframework.boot.test.autoconfigure.web.servlet.WebDriverTestExecutionListener@73e0c775, org.springframework.boot.test.autoconfigure.webservices.client.MockWebServiceServerTestExecutionListener@213d5189, org.springframework.boot.test.mock.mockito.ResetMocksTestExecutionListener@70eced1f]
2022-09-12 19:39:27.031  INFO 14700 --- [    Test worker] c.m.d.w.TriggerControllerTest            : Starting TriggerControllerTest using Java 11.0.11 on Marcos-MBP.yallo.box with PID 14700 (started by marcolotz in /Users/marcolotz/Code/parquet_dump)
2022-09-12 19:39:27.034  INFO 14700 --- [    Test worker] c.m.d.w.TriggerControllerTest            : No active profile set, falling back to 1 default profile: "default"
2022-09-12 19:39:27.839  INFO 14700 --- [    Test worker] o.s.b.t.m.w.SpringBootMockServletContext : Initializing Spring TestDispatcherServlet ''
2022-09-12 19:39:27.840  INFO 14700 --- [    Test worker] o.s.t.w.s.TestDispatcherServlet          : Initializing Servlet ''
2022-09-12 19:39:27.841  INFO 14700 --- [    Test worker] o.s.t.w.s.TestDispatcherServlet          : Completed initialization in 1 ms
2022-09-12 19:39:27.863  INFO 14700 --- [    Test worker] c.m.d.w.TriggerControllerTest            : Started TriggerControllerTest in 0.974 seconds (JVM running for 12.449)
]]></system-out>
  <system-err><![CDATA[]]></system-err>
</testsuite>
