<?xml version="1.0" encoding="UTF-8"?>
<testsuite name="When converting a SQL table to Parquet" tests="1" skipped="0" failures="0" errors="0" timestamp="2022-08-22T11:02:47" hostname="Marcos-MacBook-Pro.local" time="1.233">
  <properties/>
  <testcase name="Then avro should be correctly serialized" classname="com.marcolotz.db2parquet.adapters.parquet.SimpleParquetSerializerTest" time="1.233"/>
  <system-out><![CDATA[2022-08-22 13:02:47.736  INFO 46348 --- [    Test worker] o.a.h.i.c.CodecPool                      : Got brand-new compressor [.snappy]
2022-08-22 13:02:48.529  WARN 46348 --- [    Test worker] o.a.h.u.NativeCodeLoader                 : Unable to load native-hadoop library for your platform... using builtin-java classes where applicable
2022-08-22 13:02:48.704  INFO 46348 --- [    Test worker] o.a.p.h.InternalParquetRecordReader      : RecordReader initialized will read a total of 7 records.
2022-08-22 13:02:48.705  INFO 46348 --- [    Test worker] o.a.p.h.InternalParquetRecordReader      : at row 0. reading next block
2022-08-22 13:02:48.710  INFO 46348 --- [    Test worker] o.a.h.i.c.CodecPool                      : Got brand-new decompressor [.snappy]
2022-08-22 13:02:48.713  INFO 46348 --- [    Test worker] o.a.p.h.InternalParquetRecordReader      : block read in memory in 8 ms. row count = 7
]]></system-out>
  <system-err><![CDATA[]]></system-err>
</testsuite>
